# JRE version: Java(TM) SE Runtime Environment (8.0_211-b12) (build 1.8.0_211-b12)
# Java VM: Java HotSpot(TM) 64-Bit Server VM (25.211-b12 mixed mode bsd-amd64 compressed oops)
Heap:
 PSYoungGen      total 259584K, used 221292K [0x0000000795580000, 0x00000007a6080000, 0x00000007c0000000)
  eden space 251904K, 87% used [0x0000000795580000,0x00000007a2d9b268,0x00000007a4b80000)
  from space 7680K, 0% used [0x00000007a5900000,0x00000007a5900000,0x00000007a6080000)
  to   space 10752K, 0% used [0x00000007a4b80000,0x00000007a4b80000,0x00000007a5600000)
 ParOldGen       total 57344K, used 10785K [0x0000000740000000, 0x0000000743800000, 0x0000000795580000)
  object space 57344K, 18% used [0x0000000740000000,0x0000000740a88770,0x0000000743800000)
 Metaspace       used 49108K, capacity 50568K, committed 50648K, reserved 1093632K
  class space    used 6844K, capacity 7141K, committed 7168K, reserved 1048576K
GC Heap History (10 events):
Event: 1.703 GC heap before
{Heap before GC invocations=6 (full 0):
 PSYoungGen      total 71680K, used 6395K [0x0000000795580000, 0x000000079e980000, 0x00000007c0000000)
  eden space 66560K, 1% used [0x0000000795580000,0x00000007956c6c60,0x0000000799680000)
  from space 5120K, 99% used [0x0000000799680000,0x0000000799b78208,0x0000000799b80000)
  to   space 9216K, 0% used [0x000000079e080000,0x000000079e080000,0x000000079e980000)
 ParOldGen       total 87552K, used 4472K [0x0000000740000000, 0x0000000745580000, 0x0000000795580000)
  object space 87552K, 5% used [0x0000000740000000,0x000000074045e2a0,0x0000000745580000)
 Metaspace       used 20621K, capacity 21168K, committed 21248K, reserved 1067008K
  class space    used 2664K, capacity 2791K, committed 2816K, reserved 1048576K
Event: 1.711 GC heap after
Heap after GC invocations=6 (full 0):
 PSYoungGen      total 141312K, used 5251K [0x0000000795580000, 0x000000079e880000, 0x00000007c0000000)
  eden space 133120K, 0% used [0x0000000795580000,0x0000000795580000,0x000000079d780000)
  from space 8192K, 64% used [0x000000079e080000,0x000000079e5a0cf0,0x000000079e880000)
  to   space 8704K, 0% used [0x000000079d780000,0x000000079d780000,0x000000079e000000)
 ParOldGen       total 87552K, used 4480K [0x0000000740000000, 0x0000000745580000, 0x0000000795580000)
  object space 87552K, 5% used [0x0000000740000000,0x00000007404602a0,0x0000000745580000)
 Metaspace       used 20621K, capacity 21168K, committed 21248K, reserved 1067008K
  class space    used 2664K, capacity 2791K, committed 2816K, reserved 1048576K
}
Event: 1.711 GC heap before
{Heap before GC invocations=7 (full 1):
 PSYoungGen      total 141312K, used 5251K [0x0000000795580000, 0x000000079e880000, 0x00000007c0000000)
  eden space 133120K, 0% used [0x0000000795580000,0x0000000795580000,0x000000079d780000)
  from space 8192K, 64% used [0x000000079e080000,0x000000079e5a0cf0,0x000000079e880000)
  to   space 8704K, 0% used [0x000000079d780000,0x000000079d780000,0x000000079e000000)
 ParOldGen       total 87552K, used 4480K [0x0000000740000000, 0x0000000745580000, 0x0000000795580000)
  object space 87552K, 5% used [0x0000000740000000,0x00000007404602a0,0x0000000745580000)
 Metaspace       used 20621K, capacity 21168K, committed 21248K, reserved 1067008K
  class space    used 2664K, capacity 2791K, committed 2816K, reserved 1048576K
Event: 1.734 GC heap after
Heap after GC invocations=7 (full 1):
 PSYoungGen      total 141312K, used 0K [0x0000000795580000, 0x000000079e880000, 0x00000007c0000000)
  eden space 133120K, 0% used [0x0000000795580000,0x0000000795580000,0x000000079d780000)
  from space 8192K, 0% used [0x000000079e080000,0x000000079e080000,0x000000079e880000)
  to   space 8704K, 0% used [0x000000079d780000,0x000000079d780000,0x000000079e000000)
 ParOldGen       total 45056K, used 6103K [0x0000000740000000, 0x0000000742c00000, 0x0000000795580000)
  object space 45056K, 13% used [0x0000000740000000,0x00000007405f5f70,0x0000000742c00000)
 Metaspace       used 20621K, capacity 21168K, committed 21248K, reserved 1067008K
  class space    used 2664K, capacity 2791K, committed 2816K, reserved 1048576K
}
Event: 2.680 GC heap before
{Heap before GC invocations=8 (full 1):
 PSYoungGen      total 141312K, used 133120K [0x0000000795580000, 0x000000079e880000, 0x00000007c0000000)
  eden space 133120K, 100% used [0x0000000795580000,0x000000079d780000,0x000000079d780000)
  from space 8192K, 0% used [0x000000079e080000,0x000000079e080000,0x000000079e880000)
  to   space 8704K, 0% used [0x000000079d780000,0x000000079d780000,0x000000079e000000)
 ParOldGen       total 45056K, used 6103K [0x0000000740000000, 0x0000000742c00000, 0x0000000795580000)
  object space 45056K, 13% used [0x0000000740000000,0x00000007405f5f70,0x0000000742c00000)
 Metaspace       used 31247K, capacity 31958K, committed 32256K, reserved 1077248K
  class space    used 4318K, capacity 4514K, committed 4608K, reserved 1048576K
Event: 2.695 GC heap after
Heap after GC invocations=8 (full 1):
 PSYoungGen      total 141824K, used 8702K [0x0000000795580000, 0x00000007a6400000, 0x00000007c0000000)
  eden space 133120K, 0% used [0x0000000795580000,0x0000000795580000,0x000000079d780000)
  from space 8704K, 99% used [0x000000079d780000,0x000000079dfff9d8,0x000000079e000000)
  to   space 11264K, 0% used [0x00000007a5900000,0x00000007a5900000,0x00000007a6400000)
 ParOldGen       total 45056K, used 8608K [0x0000000740000000, 0x0000000742c00000, 0x0000000795580000)
  object space 45056K, 19% used [0x0000000740000000,0x0000000740868250,0x0000000742c00000)
 Metaspace       used 31247K, capacity 31958K, committed 32256K, reserved 1077248K
  class space    used 4318K, capacity 4514K, committed 4608K, reserved 1048576K
}
Event: 2.882 GC heap before
{Heap before GC invocations=9 (full 1):
 PSYoungGen      total 141824K, used 53539K [0x0000000795580000, 0x00000007a6400000, 0x00000007c0000000)
  eden space 133120K, 33% used [0x0000000795580000,0x00000007981494d8,0x000000079d780000)
  from space 8704K, 99% used [0x000000079d780000,0x000000079dfff9d8,0x000000079e000000)
  to   space 11264K, 0% used [0x00000007a5900000,0x00000007a5900000,0x00000007a6400000)
 ParOldGen       total 45056K, used 8608K [0x0000000740000000, 0x0000000742c00000, 0x0000000795580000)
  object space 45056K, 19% used [0x0000000740000000,0x0000000740868250,0x0000000742c00000)
 Metaspace       used 34535K, capacity 35278K, committed 35416K, reserved 1079296K
  class space    used 4789K, capacity 4976K, committed 4992K, reserved 1048576K
Event: 2.888 GC heap after
Heap after GC invocations=9 (full 1):
 PSYoungGen      total 259584K, used 6217K [0x0000000795580000, 0x00000007a6080000, 0x00000007c0000000)
  eden space 251904K, 0% used [0x0000000795580000,0x0000000795580000,0x00000007a4b80000)
  from space 7680K, 80% used [0x00000007a5900000,0x00000007a5f12640,0x00000007a6080000)
  to   space 10752K, 0% used [0x00000007a4b80000,0x00000007a4b80000,0x00000007a5600000)
 ParOldGen       total 45056K, used 8616K [0x0000000740000000, 0x0000000742c00000, 0x0000000795580000)
  object space 45056K, 19% used [0x0000000740000000,0x000000074086a250,0x0000000742c00000)
 Metaspace       used 34535K, capacity 35278K, committed 35416K, reserved 1079296K
  class space    used 4789K, capacity 4976K, committed 4992K, reserved 1048576K
}
Event: 2.888 GC heap before
{Heap before GC invocations=10 (full 2):
 PSYoungGen      total 259584K, used 6217K [0x0000000795580000, 0x00000007a6080000, 0x00000007c0000000)
  eden space 251904K, 0% used [0x0000000795580000,0x0000000795580000,0x00000007a4b80000)
  from space 7680K, 80% used [0x00000007a5900000,0x00000007a5f12640,0x00000007a6080000)
  to   space 10752K, 0% used [0x00000007a4b80000,0x00000007a4b80000,0x00000007a5600000)
 ParOldGen       total 45056K, used 8616K [0x0000000740000000, 0x0000000742c00000, 0x0000000795580000)
  object space 45056K, 19% used [0x0000000740000000,0x000000074086a250,0x0000000742c00000)
 Metaspace       used 34535K, capacity 35278K, committed 35416K, reserved 1079296K
  class space    used 4789K, capacity 4976K, committed 4992K, reserved 1048576K
Event: 2.935 GC heap after
Heap after GC invocations=10 (full 2):
 PSYoungGen      total 259584K, used 0K [0x0000000795580000, 0x00000007a6080000, 0x00000007c0000000)
  eden space 251904K, 0% used [0x0000000795580000,0x0000000795580000,0x00000007a4b80000)
  from space 7680K, 0% used [0x00000007a5900000,0x00000007a5900000,0x00000007a6080000)
  to   space 10752K, 0% used [0x00000007a4b80000,0x00000007a4b80000,0x00000007a5600000)
 ParOldGen       total 57344K, used 10785K [0x0000000740000000, 0x0000000743800000, 0x0000000795580000)
  object space 57344K, 18% used [0x0000000740000000,0x0000000740a88770,0x0000000743800000)
 Metaspace       used 34535K, capacity 35278K, committed 35416K, reserved 1079296K
  class space    used 4789K, capacity 4976K, committed 4992K, reserved 1048576K
}

